* using log directory 'C:/Stat/R/BxC/library.sources/Epi/man/Epi.Rcheck'
* using R version 2.4.1 (2006-12-18)
* checking for file 'Epi/DESCRIPTION' ... OK
* this is package 'Epi' version '0.8.0'
* checking package dependencies ... OK
* checking if this is a source package ... OK
* checking whether package 'Epi' can be installed ... OK
* checking package directory ... OK
* checking for portable file names ... OK
* checking DESCRIPTION meta-information ... OK
* checking top-level files ... OK
* checking index information ... OK
* checking package subdirectories ... OK
* checking R files for syntax errors ... OK
* checking R files for non-ASCII characters ... OK
* checking whether the package can be loaded ... OK
* checking whether the package can be loaded with stated dependencies ... OK
* checking whether the name space can be loaded with stated dependencies ... OK
* checking S3 generic/method consistency ... OK
* checking replacement functions ... OK
* checking foreign function calls ... OK
* checking R code for possible problems ... OK
* checking Rd files ... OK
* checking Rd cross-references ... OK
* checking for missing documentation entries ... WARNING
Undocumented code objects:
  contr.2nd contr.cum contr.diff contr.orth
All user-level objects in a package should have documentation entries.
See the chapter 'Writing R documentation files' in manual 'Writing R
Extensions'.
* checking for code/documentation mismatches ... OK
* checking Rd \usage sections ... OK
* creating Epi-Ex.R ... OK
* checking examples ... OK
* creating Epi-manual.tex ... OK
* checking Epi-manual.tex ... OK
