installing R.css in C:/Stat/R/BxC/library.sources/Epi/man/Epi.Rcheck


---------- Making package Epi ------------
  adding build stamp to DESCRIPTION
  installing NAMESPACE file and metadata
  installing R files
  installing data files
  installing man source files
  installing indices
  not zipping data
  installing help
 >>> Building/Updating help pages for package 'Epi'
     Formats: text html latex example chm 
  Icens                             text    html    latex   example
  Lexis                             text    html    latex
  Lexis.diagram                     text    html    latex   example
  Lexis.lines                       text    html    latex   example
  Life.lines                        text    html    latex   example
  ROC                               text    html    latex   example
  Relevel                           text    html    latex   example
  S.typh                            text    html    latex   example
  W.Lexis                           text    html    latex   example
  apc.fit                           text    html    latex   example
  apc.frame                         text    html    latex   example
  apc.lines                         text    html    latex
  apc.plot                          text    html    latex   example
  bdendo                            text    html    latex   example
  bdendo11                          text    html    latex   example
  births                            text    html    latex   example
  blcaIT                            text    html    latex   example
  brv                               text    html    latex   example
  cal.yr                            text    html    latex   example
  ccwc                              text    html    latex   example
  ci.cum                            text    html    latex   example
  ci.lin                            text    html    latex   example
  ci.pd                             text    html    latex   example
  detrend                           text    html    latex
  diet                              text    html    latex   example
  effx                              text    html    latex   example chm
  effx.match                        text    html    latex   example chm
  ewrates                           text    html    latex   example
  ex1                               text    html    latex   example
  expand.data                       text    html    latex   example
  fcut                              text    html    latex   example
  fcut1                             text    html    latex   example
  fit.add                           text    html    latex   example
  fit.baseline                      text    html    latex   example
  fit.mult                          text    html    latex   example
  float                             text    html    latex
  ftrend                            text    html    latex
  gmortDK                           text    html    latex   example
  hivDK                             text    html    latex   example
  icut                              text    html    latex   example
  isec                              text    html    latex   example
  lep                               text    html    latex   example
  lungDK                            text    html    latex   example
  merge.Lexis                       text    html    latex
  merge.data.frame                  text    html    latex
  mh                                text    html    latex   example
  mortDK                            text    html    latex   example
  ncut                              text    html    latex   example
  nice                              text    html    latex   example
  nickel                            text    html    latex   example
  pctab                             text    html    latex   example
  plot.Lexis                        text    html    latex
  plotEst                           text    html    latex   example
  plotevent                         text    html    latex
  projection.ip                     text    html    latex
  rateplot                          text    html    latex   example
  split.Lexis                       text    html    latex
  start.Lexis                       text    html    latex
  stattable                         text    html    latex   example
  stattable.funs                    text    html    latex
  subset.Lexis                      text    html    latex
  tabplot                           text    html    latex   example
  thoro                             text    html    latex   example
  time.band                         text    html    latex
  time.scales                       text    html    latex
  twoby2                            text    html    latex   example
Microsoft HTML Help Compiler 4.74.8702

Compiling c:\stat\R\bxc\library.sources\Epi\chm\Epi.chm


Compile time: 0 minutes, 3 seconds
67	Topics
270	Local links
24	Internet links
1	Graphic


Created c:\stat\R\bxc\library.sources\Epi\chm\Epi.chm, 129,904 bytes
Compression decreased file by 154,031 bytes.
  preparing package Epi for lazy loading
  adding MD5 sums

* DONE (Epi)
