This is e-TeX, Version 3.141592-2.2 (MiKTeX 2.4) (preloaded format=latex 2006.9.7)  9 MAY 2007 23:33
entering extended mode
**\nonstopmode{}\input{Epi-manual.tex}
(Epi-manual.tex (C:\texmf\tex\latex\base\article.cls
Document Class: article 2004/02/16 v1.4f Standard LaTeX document class
(C:\texmf\tex\latex\base\size10.clo
File: size10.clo 2004/02/16 v1.4f Standard LaTeX file (size option)
)
\c@part=\count79
\c@section=\count80
\c@subsection=\count81
\c@subsubsection=\count82
\c@paragraph=\count83
\c@subparagraph=\count84
\c@figure=\count85
\c@table=\count86
\abovecaptionskip=\skip41
\belowcaptionskip=\skip42
\bibindent=\dimen102
) (c:/stat/r/R-2.4.1/share/texmf\Rd.sty
Package: Rd 

(C:\texmf\tex\latex\base\ifthen.sty
Package: ifthen 2001/05/26 v1.1c Standard LaTeX ifthen package (DPC)
) (C:\texmf\tex\latex\tools\longtable.sty
Package: longtable 2004/02/01 v4.11 Multi-page Table package (DPC)
\LTleft=\skip43
\LTright=\skip44
\LTpre=\skip45
\LTpost=\skip46
\LTchunksize=\count87
\LTcapwidth=\dimen103
\LT@head=\box26
\LT@firsthead=\box27
\LT@foot=\box28
\LT@lastfoot=\box29
\LT@cols=\count88
\LT@rows=\count89
\c@LT@tables=\count90
\c@LT@chunks=\count91
\LT@p@ftn=\toks14
)
(C:\texmf\tex\latex\tools\bm.sty
Package: bm 2004/02/26 v1.1c Bold Symbol Support (DPC/FMi)
\symboldoperators=\mathgroup4
\symboldletters=\mathgroup5
\symboldsymbols=\mathgroup6
LaTeX Font Info:    Redeclaring math alphabet \mathbf on input line 137.
LaTeX Info: Redefining \bm on input line 203.
) (C:\texmf\tex\latex\base\alltt.sty
Package: alltt 1997/06/16 v2.0g defines alltt environment
)
(C:\texmf\tex\latex\tools\verbatim.sty
Package: verbatim 2003/08/22 v1.5q LaTeX2e package for verbatim enhancements
\every@verbatim=\toks15
\verbatim@line=\toks16
\verbatim@in@stream=\read1
) (C:\texmf\tex\latex\ltxmisc\url.sty
\Urlmuskip=\muskip10
Package: url 2005/06/27  ver 3.2  Verb mode for urls, etc.
)
(c:/stat/r/R-2.4.1/share/texmf\upquote.sty
Package: upquote 2003/08/11 v1.1 Covington's upright-quote modification to verb
atim and verb

(C:\texmf\tex\latex\base\textcomp.sty
Package: textcomp 2004/02/22 v1.99f Standard LaTeX package
Package textcomp Info: Sub-encoding information:
(textcomp)               5 = only ISO-Adobe without \textcurrency
(textcomp)               4 = 5 + \texteuro
(textcomp)               3 = 4 + \textohm
(textcomp)               2 = 3 + \textestimated + \textcurrency
(textcomp)               1 = TS1 - \textcircled - \t
(textcomp)               0 = TS1 (full)
(textcomp)             Font families with sub-encoding setting implement
(textcomp)             only a restricted character set as indicated.
(textcomp)             Family '?' is the default used for unknown fonts.
(textcomp)             See the documentation for details.
Package textcomp Info: Setting ? sub-encoding to TS1/1 on input line 71.
 (C:\texmf\tex\latex\base\ts1enc.def
File: ts1enc.def 2001/06/05 v3.0e (jk/car/fm) Standard LaTeX file
)
LaTeX Info: Redefining \oldstylenums on input line 266.
Package textcomp Info: Setting cmr sub-encoding to TS1/0 on input line 281.
Package textcomp Info: Setting cmss sub-encoding to TS1/0 on input line 282.
Package textcomp Info: Setting cmtt sub-encoding to TS1/0 on input line 283.
Package textcomp Info: Setting cmvtt sub-encoding to TS1/0 on input line 284.
Package textcomp Info: Setting cmbr sub-encoding to TS1/0 on input line 285.
Package textcomp Info: Setting cmtl sub-encoding to TS1/0 on input line 286.
Package textcomp Info: Setting ccr sub-encoding to TS1/0 on input line 287.
Package textcomp Info: Setting ptm sub-encoding to TS1/4 on input line 288.
Package textcomp Info: Setting pcr sub-encoding to TS1/4 on input line 289.
Package textcomp Info: Setting phv sub-encoding to TS1/4 on input line 290.
Package textcomp Info: Setting ppl sub-encoding to TS1/3 on input line 291.
Package textcomp Info: Setting pag sub-encoding to TS1/4 on input line 292.
Package textcomp Info: Setting pbk sub-encoding to TS1/4 on input line 293.
Package textcomp Info: Setting pnc sub-encoding to TS1/4 on input line 294.
Package textcomp Info: Setting pzc sub-encoding to TS1/4 on input line 295.
Package textcomp Info: Setting bch sub-encoding to TS1/4 on input line 296.
Package textcomp Info: Setting put sub-encoding to TS1/5 on input line 297.
Package textcomp Info: Setting uag sub-encoding to TS1/5 on input line 298.
Package textcomp Info: Setting ugq sub-encoding to TS1/5 on input line 299.
Package textcomp Info: Setting ul8 sub-encoding to TS1/4 on input line 300.
Package textcomp Info: Setting ul9 sub-encoding to TS1/4 on input line 301.
Package textcomp Info: Setting augie sub-encoding to TS1/5 on input line 302.
Package textcomp Info: Setting dayrom sub-encoding to TS1/3 on input line 303.
Package textcomp Info: Setting dayroms sub-encoding to TS1/3 on input line 304.

Package textcomp Info: Setting pxr sub-encoding to TS1/0 on input line 305.
Package textcomp Info: Setting pxss sub-encoding to TS1/0 on input line 306.
Package textcomp Info: Setting pxtt sub-encoding to TS1/0 on input line 307.
Package textcomp Info: Setting txr sub-encoding to TS1/0 on input line 308.
Package textcomp Info: Setting txss sub-encoding to TS1/0 on input line 309.
Package textcomp Info: Setting txtt sub-encoding to TS1/0 on input line 310.
Package textcomp Info: Setting futs sub-encoding to TS1/4 on input line 311.
Package textcomp Info: Setting futx sub-encoding to TS1/4 on input line 312.
Package textcomp Info: Setting futj sub-encoding to TS1/4 on input line 313.
Package textcomp Info: Setting hlh sub-encoding to TS1/3 on input line 314.
Package textcomp Info: Setting hls sub-encoding to TS1/3 on input line 315.
Package textcomp Info: Setting hlst sub-encoding to TS1/3 on input line 316.
Package textcomp Info: Setting hlct sub-encoding to TS1/5 on input line 317.
Package textcomp Info: Setting hlx sub-encoding to TS1/5 on input line 318.
Package textcomp Info: Setting hlce sub-encoding to TS1/5 on input line 319.
Package textcomp Info: Setting hlcn sub-encoding to TS1/5 on input line 320.
Package textcomp Info: Setting hlcw sub-encoding to TS1/5 on input line 321.
Package textcomp Info: Setting hlcf sub-encoding to TS1/5 on input line 322.
Package textcomp Info: Setting pplx sub-encoding to TS1/3 on input line 323.
Package textcomp Info: Setting pplj sub-encoding to TS1/3 on input line 324.
Package textcomp Info: Setting ptmx sub-encoding to TS1/4 on input line 325.
Package textcomp Info: Setting ptmj sub-encoding to TS1/4 on input line 326.
))
\ldescriptionwidth=\skip47

(C:\texmf\tex\latex\base\fontenc.sty
Package: fontenc 2004/02/22 v1.99f Standard LaTeX package
 (C:\texmf\tex\latex\base\t1enc.def
File: t1enc.def 2004/02/22 v1.99f Standard LaTeX file
LaTeX Font Info:    Redeclaring font encoding T1 on input line 43.
))
(C:\texmf\tex\latex\ae\ae.sty
Package: ae 2001/02/12 1.3 Almost European Computer Modern
 (C:\texmf\tex\latex\base\fontenc.sty
Package: fontenc 2004/02/22 v1.99f Standard LaTeX package

(C:\texmf\tex\latex\base\t1enc.def
File: t1enc.def 2004/02/22 v1.99f Standard LaTeX file
LaTeX Font Info:    Redeclaring font encoding T1 on input line 43.
)
LaTeX Font Info:    Try loading font information for T1+aer on input line 100.
 (C:\texmf\tex\latex\ae\t1aer.fd
File: t1aer.fd 1997/11/16 Font definitions for T1/aer.
)))
(C:\texmf\tex\latex\ae\t1aett.fd
File: t1aett.fd 1997/11/16 Font definitions for T1/aett.
) NOT loading times NOT loading lmodern
(C:\texmf\tex\latex\graphics\color.sty
Package: color 1999/02/16 v1.0i Standard LaTeX Color (DPC)
 (C:\texmf\tex\latex\00miktex\color.cfg
File: color.cfg 2003/03/08 v1.0 MiKTeX 'color' configuration
)
Package color Info: Driver file: dvips.def on input line 125.

(C:\texmf\tex\latex\graphics\dvips.def
File: dvips.def 1999/02/16 v3.0i Driver-dependant file (DPC,SPQR)
)
(C:\texmf\tex\latex\graphics\dvipsnam.def
File: dvipsnam.def 1999/02/16 v3.0i Driver-dependant file (DPC,SPQR)
))
(C:\texmf\tex\latex\hyperref\hyperref.sty
Package: hyperref 2003/11/30 v6.74m Hypertext links for LaTeX

(C:\texmf\tex\latex\graphics\keyval.sty
Package: keyval 1999/03/16 v1.13 key=value parser (DPC)
\KV@toks@=\toks17
)
\@linkdim=\dimen104
\Hy@linkcounter=\count92
\Hy@pagecounter=\count93

(C:\texmf\tex\latex\hyperref\pd1enc.def
File: pd1enc.def 2003/11/30 v6.74m Hyperref: PDFDocEncoding definition (HO)
)
(C:\texmf\tex\latex\00miktex\hyperref.cfg
File: hyperref.cfg 2003/03/08 v1.0 MiKTeX 'hyperref' configuration
)
Package hyperref Info: Hyper figures OFF on input line 1880.
Package hyperref Info: Link nesting OFF on input line 1885.
Package hyperref Info: Hyper index ON on input line 1888.
Package hyperref Info: Plain pages ON on input line 1893.
Package hyperref Info: Backreferencing OFF on input line 1900.

Implicit mode ON; LaTeX internals redefined
Package hyperref Info: Bookmarks ON on input line 2004.
LaTeX Info: Redefining \href on input line 2130.
LaTeX Info: Redefining \url on input line 2143.
\Fld@menulength=\count94
\Field@Width=\dimen105
\Fld@charsize=\dimen106
\Choice@toks=\toks18
\Field@toks=\toks19
Package hyperref Info: Hyper figures OFF on input line 2618.
Package hyperref Info: Link nesting OFF on input line 2623.
Package hyperref Info: Hyper index ON on input line 2626.
Package hyperref Info: backreferencing OFF on input line 2633.
Package hyperref Info: Link coloring OFF on input line 2638.
\c@Item=\count95
\c@Hfootnote=\count96
)
*hyperref using default driver hypertex*
(C:\texmf\tex\latex\hyperref\hypertex.def
File: hypertex.def 2003/11/30 v6.74m Hyperref driver for HyperTeX specials
)

Package hyperref Warning: Option `hyperindex' has already been used,
(hyperref)                setting the option has no effect on input line 312.

Package hyperref Info: Option `colorlinks' set `true' on input line 312.

Package hyperref Warning: Option `pagebackref' has already been used,
(hyperref)                setting the option has no effect on input line 312.

Package hyperref Info: Option `linktocpage' set `true' on input line 312.
Package hyperref Info: Option `plainpages' set `false' on input line 312.
)
No file Epi-manual.aux.
LaTeX Font Info:    Checking defaults for OML/cmm/m/it on input line 3.
LaTeX Font Info:    ... okay on input line 3.
LaTeX Font Info:    Checking defaults for T1/cmr/m/n on input line 3.
LaTeX Font Info:    ... okay on input line 3.
LaTeX Font Info:    Checking defaults for OT1/cmr/m/n on input line 3.
LaTeX Font Info:    ... okay on input line 3.
LaTeX Font Info:    Checking defaults for OMS/cmsy/m/n on input line 3.
LaTeX Font Info:    ... okay on input line 3.
LaTeX Font Info:    Checking defaults for OMX/cmex/m/n on input line 3.
LaTeX Font Info:    ... okay on input line 3.
LaTeX Font Info:    Checking defaults for U/cmr/m/n on input line 3.
LaTeX Font Info:    ... okay on input line 3.
LaTeX Font Info:    Checking defaults for TS1/cmr/m/n on input line 3.
LaTeX Font Info:    Try loading font information for TS1+cmr on input line 3.
(C:\texmf\tex\latex\base\ts1cmr.fd
File: ts1cmr.fd 1999/05/25 v2.5h Standard LaTeX font definitions
)
LaTeX Font Info:    ... okay on input line 3.
LaTeX Font Info:    Checking defaults for PD1/pdf/m/n on input line 3.
LaTeX Font Info:    ... okay on input line 3.
Package hyperref Info: Link coloring ON on input line 3.
 (C:\texmf\tex\latex\hyperref\nameref.sty
Package: nameref 2003/12/03 v2.21 Cross-referencing by name of section
\c@section@level=\count97
)
LaTeX Info: Redefining \ref on input line 3.
LaTeX Info: Redefining \pageref on input line 3.
LaTeX Font Info:    External font `cmex10' loaded for size
(Font)              <7> on input line 4.
LaTeX Font Info:    External font `cmex10' loaded for size
(Font)              <5> on input line 4.

Overfull \hbox (13.50012pt too wide) in paragraph at lines 26--26
 []          \T1/aett/m/n/10 parm = c("ACP","APC","AdCP","AdPC","Ad-P-C","Ad-C-
P","AC-P","AP-C"),[] 
 []

LaTeX Font Info:    Try loading font information for TS1+aer on input line 57.
(c:/stat/r/R-2.4.1/share/texmf\ts1aer.fd
File: ts1aer.fd 
)
LaTeX Font Info:    Font shape `TS1/aer/m/n' in size <10> not available
(Font)              Font shape `TS1/cmr/m/n' tried instead on input line 57.
 [1

] [2]
Overfull \hbox (1.86197pt too wide) in paragraph at lines 125--128
[]\T1/aer/m/n/10 Matrix with 4 colums: \T1/aett/m/n/10 P.pt \T1/aer/m/n/10 with
 the dates of di-ag-no-sis (equals \T1/aett/m/n/10 unique(P)\T1/aer/m/n/10 )
 []

[3]
Overfull \hbox (10.35062pt too wide) in paragraph at lines 169--169
 []\T1/aett/m/n/9 ex.H <- apc.fit( exd, npar=7, model="ns", dr.extr="Holford", 
 parm="ACP", scale=10^5 )[] 
 []


Overfull \hbox (10.35062pt too wide) in paragraph at lines 170--170
 []\T1/aett/m/n/9 ex.W <- apc.fit( exd, npar=7, model="ns", dr.extr="weighted",
 parm="ACP", scale=10^5 )[] 
 []

[4]
Overfull \hbox (0.73886pt too wide) in paragraph at lines 255--262
[]\T1/aer/m/n/10 The func-tion re-turns a nu-mer-i-cal vec-tor of length 2, wit
h names \T1/aett/m/n/10 c("cp.offset","RR.fac")\T1/aer/m/n/10 .
 []

[5] [6] [7]
Overfull \hbox (75.09119pt too wide) in paragraph at lines 404--412
\T1/aer/m/n/10 There-fore, if you want to plot at \T1/aett/m/n/10 (x,y) \T1/aer
/m/n/10 in the right panel, use \T1/aett/m/n/10 (x-res["cp.offset"],y/res["RR.f
ac"])=(x-
 []


Overfull \hbox (12.03716pt too wide) in paragraph at lines 404--412
\T1/aett/m/n/10 res[1],y/res[2])\T1/aer/m/n/10 . This vec-tor should be sup-pli
ed for the pa-ra-me-ter \T1/aett/m/n/10 frame.par \T1/aer/m/n/10 to [][]\T1/aet
t/m/n/10 apc.lines[][]
 []

[8]
Overfull \hbox (60.23795pt too wide) in alignment at lines 477--477
 [] [] 
 []

[9] [10]
Overfull \hbox (165.84622pt too wide) in alignment at lines 599--599
 [] [] 
 []

[11] [12] [13]
Overfull \hbox (118.29993pt too wide) in paragraph at lines 696--696
 []\T1/aett/m/n/10 ccwc(entry=0, exit, fail, origin=0, controls=1, match=list()
, include=list(), data=NULL, silent=F)[] 
 []

[14]
Overfull \hbox (2.40108pt too wide) in paragraph at lines 743--745
[]\T1/aer/m/n/10 Clayton and Hills, Sta-tis-ti-cal Mod-els in Epi-demi-ol-ogy, 
Ox-ford Uni-ver-sity Press, Ox-ford:1993. 
 []

[15] [16] [17] [18] [19]
Overfull \hbox (2.47673pt too wide) in paragraph at lines 976--978
[]\T1/aer/m/n/10 Implements method 10 from New-combe(1998) (method="Nc") or fro
m Agresti & Caffo(2000)
 []

[20]
Overfull \hbox (9.68867pt too wide) in alignment at lines 1099--1099
 [] [] 
 []

[21]
Overfull \hbox (5.63469pt too wide) in paragraph at lines 1112--1112
 []               \T1/aett/m/n/9 entry.date=cal.yr(doe), exit.date=cal.yr(dox),
 birth.date=cal.yr(dob),[] 
 []


Overfull \hbox (0.91876pt too wide) in paragraph at lines 1113--1113
 []               \T1/aett/m/n/9 fail=(fail>0), pch.fail=c(NA,16), col.fail=c(N
A,"red"), cex.fail=1.0,[] 
 []

[22] [23] [24] [25]
Overfull \vbox (9.50029pt too high) has occurred while \output is active []


[26] [27] [28] [29] [30] [31] [32] [33] [34] [35] [36] [37] [38]
LaTeX Font Info:    Font shape `T1/aett/bx/n' in size <10> not available
(Font)              Font shape `T1/aett/m/n' tried instead on input line 1990.
 [39] [40]
[41] [42] [43] [44] [45] [46]
Overfull \hbox (9.31569pt too wide) in paragraph at lines 2388--2395
[]\T1/aer/m/n/10 The de-fault unit for sup-plied vari-ables are (cal-en-dar) ye
ars. If any of the vari-ables \T1/aett/m/n/10 entry.date\T1/aer/m/n/10 ,
 []

LaTeX Font Info:    Try loading font information for TS1+aett on input line 242
5.
(c:/stat/r/R-2.4.1/share/texmf\ts1aett.fd
File: ts1aett.fd 
)
LaTeX Font Info:    Try loading font information for TS1+cmtt on input line 242
5.
 (C:\texmf\tex\latex\base\ts1cmtt.fd
File: ts1cmtt.fd 1999/05/25 v2.5h Standard LaTeX font definitions
)
LaTeX Font Info:    Font shape `TS1/aett/m/n' in size <9> not available
(Font)              Font shape `TS1/cmtt/m/n' tried instead on input line 2425.


Overfull \hbox (10.35062pt too wide) in paragraph at lines 2427--2427
 []\T1/aett/m/n/9 text( LL$entry.date, LL$entry.age, paste(1:nrow(LL)), col="bl
ue", font=2, adj=c(1,0) )[] 
 []

[47] [48] [49] [50] [51]
Overfull \hbox (70.9179pt too wide) in alignment at lines 2679--2679
 [] [] 
 []

[52]
LaTeX Font Info:    Font shape `TS1/aett/m/n' in size <10> not available
(Font)              Font shape `TS1/cmtt/m/n' tried instead on input line 2713.

 [53] [54] [55] [56] [57]
Overfull \hbox (14.7058pt too wide) in paragraph at lines 2946--2950
[]\T1/aer/m/n/10 Vector of break-points. \T1/aett/m/n/10 NA \T1/aer/m/n/10 will
 re-sults for val-ues be-low \T1/aett/m/n/10 min(x) \T1/aer/m/n/10 if \T1/aett/
m/n/10 type="left"\T1/aer/m/n/10 ,
 []

[58] [59] [60] [61] [62] [63]
Overfull \hbox (0.91876pt too wide) in paragraph at lines 3269--3269
 []\T1/aett/m/n/9 plotEst( cf, grid=TRUE, cex=2, col.points=rainbow(4), col.lin
es=rainbow(4), vref=1 )[] 
 []

[64] [65] [66]
Overfull \hbox (44.94006pt too wide) in paragraph at lines 3407--3407
 []       \T1/aett/m/n/10 a.lim = range( age, na.rm=TRUE ), ylim = range( rates
[rates>0], na.rm=TRUE ),[] 
 []


Overfull \hbox (13.50012pt too wide) in paragraph at lines 3408--3408
 []       \T1/aett/m/n/10 at = NULL, labels = paste( at ), a.lab = names( dimna
mes( rates ) )[1],[] 
 []

[67]
Overfull \hbox (71.14001pt too wide) in paragraph at lines 3420--3420
 []       \T1/aett/m/n/10 ylim = range( rates[rates>0], na.rm=TRUE ), p.lab = n
ames( dimnames( rates ) )[2],[] 
 []


Overfull \hbox (13.50012pt too wide) in paragraph at lines 3421--3421
 []       \T1/aett/m/n/10 ylab = deparse( substitute( rates ) ), at = NULL, lab
els = paste( at ),[] 
 []


Overfull \hbox (13.50012pt too wide) in paragraph at lines 3430--3430
 []       \T1/aett/m/n/10 at = NULL, labels = paste( at ), c.lab = names( dimna
mes( rates ) )[2],[] 
 []

[68] [69] [70] [71] [72] [73] [74] [75] [76] [77] [78] [79] [80]
Overfull \hbox (197.04744pt too wide) in alignment at lines 4142--4142
 [] [] 
 []

[81] [82] [83] [84] [85] [86] [87] [88] (Epi-manual.aux) ) 
Here is how much of TeX's memory you used:
 3338 strings out of 95889
 42610 string characters out of 1195082
 83244 words of memory out of 1081423
 6239 multiletter control sequences out of 60000
 15012 words of font info for 33 fonts, out of 1000000 for 2000
 14 hyphenation exceptions out of 4999
 38i,6n,27p,223b,436s stack positions out of 5000i,500n,10000p,200000b,32768s

Output written on Epi-manual.dvi (88 pages, 285924 bytes).
